<?xml version="1.0" encoding="utf-8"?><testsuites><testsuite name="pytest" errors="0" failures="0" skipped="0" tests="133" time="2.251" timestamp="2026-08-20T18:32:51.914095+02:00" hostname="MACJ52TFXLR42"><testcase classname="test.tgedr_fdafaers.test_constants" name="test_csv_delimiter_value" time="0.001" /><testcase classname="test.tgedr_fdafaers.test_constants" name="test_tables_contains_expected_entries" time="0.000" /><testcase classname="test.tgedr_fdafaers.test_constants" name="test_tables_length" time="0.000" /><testcase classname="test.tgedr_fdafaers.test_constants" name="test_frozen_prevents_attribute_assignment" time="0.000" /><testcase classname="test.tgedr_fdafaers.test_constants" name="test_frozen_prevents_tables_reassignment" time="0.000" /><testcase classname="test.tgedr_fdafaers.test_constants" name="test_default_instance_matches_class_defaults" time="0.000" /><testcase classname="test.tgedr_fdafaers.test_dbvolume_file_store.TestLocalFsLs" name="test_ls_returns_single_file_info_when_path_is_file" time="0.005" /><testcase classname="test.tgedr_fdafaers.test_dbvolume_file_store.TestLocalFsLs" name="test_ls_raises_for_nonexistent_path" time="0.001" /><testcase classname="test.tgedr_fdafaers.test_dbvolume_file_store.TestLocalFsLs" name="test_ls_lists_directory_contents" time="0.002" /><testcase classname="test.tgedr_fdafaers.test_dbvolume_file_store.TestLocalFsCp" name="test_cp_raises_for_missing_source" time="0.001" /><testcase classname="test.tgedr_fdafaers.test_dbvolume_file_store.TestLocalFsCp" name="test_cp_copies_file_to_destination" time="0.003" /><testcase classname="test.tgedr_fdafaers.test_dbvolume_file_store.TestLocalFsRm" name="test_rm_raises_for_missing_path" time="0.001" /><testcase classname="test.tgedr_fdafaers.test_dbvolume_file_store.TestLocalFsRm" name="test_rm_removes_directory_recursively" time="0.003" /><testcase classname="test.tgedr_fdafaers.test_dbvolume_file_store.TestLocalFsRm" name="test_rm_removes_single_file" time="0.002" /><testcase classname="test.tgedr_fdafaers.test_dbvolume_file_store.TestLocalFsMkdirs" name="test_mkdirs_creates_nested_directories" time="0.002" /><testcase classname="test.tgedr_fdafaers.test_dbvolume_file_store" name="test_list_filters_by_pattern_and_returns_sorted_paths" time="0.003" /><testcase classname="test.tgedr_fdafaers.test_dbvolume_file_store" name="test_list_raises_for_missing_path" time="0.001" /><testcase classname="test.tgedr_fdafaers.test_dbvolume_file_store" name="test_get_requires_target_url" time="0.001" /><testcase classname="test.tgedr_fdafaers.test_dbvolume_file_store" name="test_get_copies_file_to_target" time="0.003" /><testcase classname="test.tgedr_fdafaers.test_dbvolume_file_store" name="test_get_raises_filestoreerror_on_copy_failure" time="0.001" /><testcase classname="test.tgedr_fdafaers.test_dbvolume_file_store" name="test_delete_removes_file" time="0.002" /><testcase classname="test.tgedr_fdafaers.test_dbvolume_file_store" name="test_delete_removes_directory_recursively" time="0.003" /><testcase classname="test.tgedr_fdafaers.test_dbvolume_file_store" name="test_delete_raises_filestoreerror_on_failure" time="0.001" /><testcase classname="test.tgedr_fdafaers.test_dbvolume_file_store" name="test_put_creates_parent_and_copies_file" time="0.003" /><testcase classname="test.tgedr_fdafaers.test_dbvolume_file_store" name="test_put_raises_filestoreerror_on_failure" time="0.001" /><testcase classname="test.tgedr_fdafaers.test_dbvolume_file_store" name="test_init_without_config_uses_default" time="0.000" /><testcase classname="test.tgedr_fdafaers.test_dbvolume_file_store" name="test_init_without_local_flag_uses_dbutils" time="0.001" /><testcase classname="test.tgedr_fdafaers.test_dbvolume_file_store" name="test_path_exists_returns_true_for_existing_path" time="0.001" /><testcase classname="test.tgedr_fdafaers.test_dbvolume_file_store" name="test_path_exists_returns_false_for_missing_path" time="0.001" /><testcase classname="test.tgedr_fdafaers.test_dbvolume_file_store" name="test_is_file_returns_true_for_file" time="0.001" /><testcase classname="test.tgedr_fdafaers.test_dbvolume_file_store" name="test_is_file_returns_false_for_directory" time="0.001" /><testcase classname="test.tgedr_fdafaers.test_dbvolume_file_store" name="test_is_file_returns_false_for_missing_path" time="0.001" /><testcase classname="test.tgedr_fdafaers.test_faers_file_source" name="test_list_returns_url_when_remote_resource_exists" time="0.000" /><testcase classname="test.tgedr_fdafaers.test_faers_file_source" name="test_list_returns_none_when_remote_resource_is_missing" time="0.000" /><testcase classname="test.tgedr_fdafaers.test_faers_file_source" name="test_list_raises_when_period_is_missing" time="0.000" /><testcase classname="test.tgedr_fdafaers.test_faers_file_source" name="test_list_raises_when_context_is_none" time="0.000" /><testcase classname="test.tgedr_fdafaers.test_faers_file_source" name="test_get_raises_when_output_url_is_missing" time="0.000" /><testcase classname="test.tgedr_fdafaers.test_faers_file_source" name="test_get_raises_when_context_is_none" time="0.000" /><testcase classname="test.tgedr_fdafaers.test_faers_file_source" name="test_get_downloads_file_and_returns_target_path" time="0.001" /><testcase classname="test.tgedr_fdafaers.test_faers_file_source" name="test_get_ignores_404_and_still_returns_target_path" time="0.001" /><testcase classname="test.tgedr_fdafaers.test_faers_file_source" name="test_get_wraps_non_404_http_errors" time="0.001" /><testcase classname="test.tgedr_fdafaers.test_faers_file_source" name="test_get_wraps_generic_exceptions" time="0.001" /><testcase classname="test.tgedr_fdafaers.test_faers_file_source" name="test_get_raises_on_unsupported_output_url_scheme" time="0.002" /><testcase classname="test.tgedr_fdafaers.test_faers_files_corrections" name="test_process_raises_when_context_is_none" time="0.003" /><testcase classname="test.tgedr_fdafaers.test_faers_files_corrections" name="test_process_raises_when_input_file_missing" time="0.026" /><testcase classname="test.tgedr_fdafaers.test_faers_files_corrections" name="test_process_raises_when_output_folder_missing" time="0.002" /><testcase classname="test.tgedr_fdafaers.test_faers_files_corrections" name="test_process_returns_zero_for_unknown_table_prefix" time="0.002" /><testcase classname="test.tgedr_fdafaers.test_faers_files_corrections" name="test_process_returns_zero_for_size_prefix" time="0.002" /><testcase classname="test.tgedr_fdafaers.test_faers_files_corrections" name="test_process_demo_file_adds_metadata_columns" time="0.020" /><testcase classname="test.tgedr_fdafaers.test_faers_files_corrections" name="test_process_demo_file_renames_gndr_cod_to_sex" time="0.011" /><testcase classname="test.tgedr_fdafaers.test_faers_files_corrections" name="test_process_demo_file_period_is_derived_from_filename" time="0.011" /><testcase classname="test.tgedr_fdafaers.test_faers_files_corrections" name="test_process_drug_file_adds_metadata" time="0.009" /><testcase classname="test.tgedr_fdafaers.test_faers_files_corrections" name="test_process_drug_file_validates_schema" time="0.011" /><testcase classname="test.tgedr_fdafaers.test_faers_files_corrections" name="test_process_renames_file_when_in_rename_map" time="0.010" /><testcase classname="test.tgedr_fdafaers.test_faers_files_corrections" name="test_process_fixes_encoding_issues" time="0.010" /><testcase classname="test.tgedr_fdafaers.test_faers_files_corrections" name="test_process_applies_header_replacement" time="0.011" /><testcase classname="test.tgedr_fdafaers.test_faers_files_corrections" name="test_process_applies_lot_nbr_replacement" time="0.010" /><testcase classname="test.tgedr_fdafaers.test_faers_files_corrections" name="test_process_applies_outc_code_replacement" time="0.009" /><testcase classname="test.tgedr_fdafaers.test_faers_files_corrections" name="test_dataframe_processing_lowercases_columns" time="0.002" /><testcase classname="test.tgedr_fdafaers.test_faers_files_corrections" name="test_dataframe_processing_drops_demo_columns" time="0.006" /><testcase classname="test.tgedr_fdafaers.test_faers_files_corrections" name="test_dataframe_processing_renames_columns" time="0.004" /><testcase classname="test.tgedr_fdafaers.test_faers_files_corrections" name="test_dataframe_processing_adds_missing_columns" time="0.003" /><testcase classname="test.tgedr_fdafaers.test_faers_files_corrections" name="test_validate_expectations_passes_for_correct_schema" time="0.001" /><testcase classname="test.tgedr_fdafaers.test_faers_files_corrections" name="test_validate_expectations_raises_on_missing_column" time="0.001" /><testcase classname="test.tgedr_fdafaers.test_faers_files_corrections" name="test_validate_expectations_raises_on_type_mismatch" time="0.001" /><testcase classname="test.tgedr_fdafaers.test_faers_files_corrections" name="test_process_creates_output_folder_if_not_exists" time="0.014" /><testcase classname="test.tgedr_fdafaers.test_faers_files_corrections" name="test_process_writes_output_to_specified_folder" time="0.010" /><testcase classname="test.tgedr_fdafaers.test_faers_files_corrections" name="test_process_returns_nonzero_corrections_for_valid_file" time="0.014" /><testcase classname="test.tgedr_fdafaers.test_faers_period_utils" name="test_faers_period_str_and_from_str_roundtrip" time="0.000" /><testcase classname="test.tgedr_fdafaers.test_faers_period_utils" name="test_faers_period_hash" time="0.000" /><testcase classname="test.tgedr_fdafaers.test_faers_period_utils" name="test_faers_period_lt_same_year" time="0.000" /><testcase classname="test.tgedr_fdafaers.test_faers_period_utils" name="test_faers_period_lt_different_year" time="0.000" /><testcase classname="test.tgedr_fdafaers.test_faers_period_utils" name="test_faers_period_le" time="0.000" /><testcase classname="test.tgedr_fdafaers.test_faers_period_utils" name="test_faers_period_gt_same_year" time="0.000" /><testcase classname="test.tgedr_fdafaers.test_faers_period_utils" name="test_faers_period_gt_different_year" time="0.000" /><testcase classname="test.tgedr_fdafaers.test_faers_period_utils" name="test_faers_period_ge" time="0.000" /><testcase classname="test.tgedr_fdafaers.test_faers_period_utils" name="test_faers_period_eq" time="0.000" /><testcase classname="test.tgedr_fdafaers.test_faers_period_utils" name="test_faers_period_ne" time="0.000" /><testcase classname="test.tgedr_fdafaers.test_faers_period_utils" name="test_faers_period_str" time="0.000" /><testcase classname="test.tgedr_fdafaers.test_faers_period_utils" name="test_next_and_previous_period_handle_year_boundaries" time="0.000" /><testcase classname="test.tgedr_fdafaers.test_faers_period_utils" name="test_next_period_within_year" time="0.000" /><testcase classname="test.tgedr_fdafaers.test_faers_period_utils" name="test_previous_period_within_year" time="0.000" /><testcase classname="test.tgedr_fdafaers.test_faers_period_utils" name="test_is_faers_period_respects_cutover_boundary" time="0.000" /><testcase classname="test.tgedr_fdafaers.test_faers_period_utils" name="test_get_url_uses_expected_prefix_and_quarter_case" time="0.000" /><testcase classname="test.tgedr_fdafaers.test_faers_period_utils" name="test_resolve_period_parses_filenames_and_handles_invalid" time="0.001" /><testcase classname="test.tgedr_fdafaers.test_faers_period_utils" name="test_get_current_period_returns_expected_for_known_date" time="0.000" /><testcase classname="test.tgedr_fdafaers.test_faers_period_utils" name="test_get_faers_periods_returns_periods_after_aers_end" time="0.001" /><testcase classname="test.tgedr_fdafaers.test_faers_period_utils" name="test_get_aers_periods_returns_fixed_range" time="0.000" /><testcase classname="test.tgedr_fdafaers.test_faers_period_utils" name="test_get_all_faers_periods_includes_both_eras" time="0.000" /><testcase classname="test.tgedr_fdafaers.test_fetch_period_files" name="test_extract_fetches_files_for_each_period" time="0.001" /><testcase classname="test.tgedr_fdafaers.test_fetch_period_files" name="test_extract_passes_period_and_output_url_in_context" time="0.000" /><testcase classname="test.tgedr_fdafaers.test_fetch_period_files" name="test_extract_respects_max_periods_limit" time="0.001" /><testcase classname="test.tgedr_fdafaers.test_fetch_period_files" name="test_extract_strips_whitespace_from_periods" time="0.001" /><testcase classname="test.tgedr_fdafaers.test_fetch_period_files" name="test_extract_single_period" time="0.001" /><testcase classname="test.tgedr_fdafaers.test_fetch_period_files" name="test_transform_is_noop" time="0.002" /><testcase classname="test.tgedr_fdafaers.test_fetch_period_files" name="test_load_returns_sorted_comma_separated_file_paths" time="0.001" /><testcase classname="test.tgedr_fdafaers.test_fetch_period_files" name="test_load_returns_empty_string_when_no_files_fetched" time="0.001" /><testcase classname="test.tgedr_fdafaers.test_fetch_period_files" name="test_load_single_file" time="0.001" /><testcase classname="test.tgedr_fdafaers.test_fetch_period_files" name="test_full_etl_pipeline" time="0.001" /><testcase classname="test.tgedr_fdafaers.test_periods_to_process" name="test_extract_loads_existing_periods_from_bronze_dataset" time="0.001" /><testcase classname="test.tgedr_fdafaers.test_periods_to_process" name="test_extract_handles_missing_dataset_gracefully" time="0.001" /><testcase classname="test.tgedr_fdafaers.test_periods_to_process" name="test_extract_handles_empty_dataframe" time="0.001" /><testcase classname="test.tgedr_fdafaers.test_periods_to_process" name="test_extract_deduplicates_periods" time="0.001" /><testcase classname="test.tgedr_fdafaers.test_periods_to_process" name="test_transform_finds_missing_periods" time="0.000" /><testcase classname="test.tgedr_fdafaers.test_periods_to_process" name="test_transform_returns_empty_when_all_periods_exist" time="0.000" /><testcase classname="test.tgedr_fdafaers.test_periods_to_process" name="test_transform_all_missing_when_no_existing_periods" time="0.000" /><testcase classname="test.tgedr_fdafaers.test_periods_to_process" name="test_load_returns_sorted_comma_separated_periods" time="0.000" /><testcase classname="test.tgedr_fdafaers.test_periods_to_process" name="test_load_returns_empty_string_when_no_missing_periods" time="0.000" /><testcase classname="test.tgedr_fdafaers.test_periods_to_process" name="test_load_returns_single_period_without_comma" time="0.000" /><testcase classname="test.tgedr_fdafaers.test_periods_to_process" name="test_full_etl_pipeline" time="0.001" /><testcase classname="test.tgedr_fdafaers.test_process_period_files" name="test_extract_deflates_each_file" time="0.000" /><testcase classname="test.tgedr_fdafaers.test_process_period_files" name="test_extract_passes_lower_filename_true" time="0.000" /><testcase classname="test.tgedr_fdafaers.test_process_period_files" name="test_extract_file_filter_rejects_stat_and_size_files" time="0.000" /><testcase classname="test.tgedr_fdafaers.test_process_period_files" name="test_extract_file_filter_rejects_non_txt_files" time="0.000" /><testcase classname="test.tgedr_fdafaers.test_process_period_files" name="test_extract_strips_whitespace_from_file_paths" time="0.000" /><testcase classname="test.tgedr_fdafaers.test_process_period_files" name="test_transform_calls_corrections_for_each_file" time="0.001" /><testcase classname="test.tgedr_fdafaers.test_process_period_files" name="test_transform_does_nothing_when_no_files_deflated" time="0.000" /><testcase classname="test.tgedr_fdafaers.test_process_period_files" name="test_load_returns_comma_separated_output_files" time="0.003" /><testcase classname="test.tgedr_fdafaers.test_process_period_files" name="test_load_returns_empty_string_when_output_dir_is_empty" time="0.002" /><testcase classname="test.tgedr_fdafaers.test_process_period_files" name="test_full_etl_pipeline" time="0.003" /><testcase classname="test.tgedr_fdafaers.test_utils_io" name="test_tmp_dir_creates_directory" time="0.001" /><testcase classname="test.tgedr_fdafaers.test_utils_io" name="test_tmp_dir_returns_unique_paths" time="0.002" /><testcase classname="test.tgedr_fdafaers.test_utils_io" name="test_resource_exists_returns_true_for_status_200" time="0.001" /><testcase classname="test.tgedr_fdafaers.test_utils_io" name="test_resource_exists_returns_false_for_non_200" time="0.000" /><testcase classname="test.tgedr_fdafaers.test_utils_io" name="test_resource_exists_wraps_http_errors" time="0.000" /><testcase classname="test.tgedr_fdafaers.test_utils_io" name="test_resource_exists_raises_on_unsupported_scheme" time="0.000" /><testcase classname="test.tgedr_fdafaers.test_utils_io" name="test_deflate_zip_extracts_all_files" time="0.008" /><testcase classname="test.tgedr_fdafaers.test_utils_io" name="test_deflate_zip_preserves_case_by_default" time="0.003" /><testcase classname="test.tgedr_fdafaers.test_utils_io" name="test_deflate_zip_lowercases_filenames_when_enabled" time="0.004" /><testcase classname="test.tgedr_fdafaers.test_utils_io" name="test_deflate_zip_applies_file_filter" time="0.003" /><testcase classname="test.tgedr_fdafaers.test_utils_io" name="test_deflate_zip_returns_empty_list_when_all_filtered" time="0.002" /><testcase classname="test.tgedr_fdafaers.test_utils_io" name="test_deflate_zip_returns_full_paths" time="0.003" /><testcase classname="test.tgedr_fdafaers.test_utils_io" name="test_deflate_zip_preserves_subdirectory_structure" time="0.005" /></testsuite></testsuites>