<?xml version="1.0" encoding="utf-8"?><testsuites><testsuite name="pytest" errors="0" failures="0" skipped="0" tests="84" time="2.598" timestamp="2026-08-19T15:48:11.088289+02:00" hostname="MACJ52TFXLR42"><testcase classname="test.tgedr_fdafaers.test_dbvolume_file_store.TestLocalFsLs" name="test_ls_returns_single_file_info_when_path_is_file" time="0.007" /><testcase classname="test.tgedr_fdafaers.test_dbvolume_file_store.TestLocalFsLs" name="test_ls_raises_for_nonexistent_path" time="0.002" /><testcase classname="test.tgedr_fdafaers.test_dbvolume_file_store.TestLocalFsLs" name="test_ls_lists_directory_contents" time="0.002" /><testcase classname="test.tgedr_fdafaers.test_dbvolume_file_store.TestLocalFsCp" name="test_cp_raises_for_missing_source" time="0.002" /><testcase classname="test.tgedr_fdafaers.test_dbvolume_file_store.TestLocalFsCp" name="test_cp_copies_file_to_destination" time="0.003" /><testcase classname="test.tgedr_fdafaers.test_dbvolume_file_store.TestLocalFsRm" name="test_rm_raises_for_missing_path" time="0.001" /><testcase classname="test.tgedr_fdafaers.test_dbvolume_file_store.TestLocalFsRm" name="test_rm_removes_directory_recursively" time="0.003" /><testcase classname="test.tgedr_fdafaers.test_dbvolume_file_store.TestLocalFsRm" name="test_rm_removes_single_file" time="0.001" /><testcase classname="test.tgedr_fdafaers.test_dbvolume_file_store.TestLocalFsMkdirs" name="test_mkdirs_creates_nested_directories" time="0.002" /><testcase classname="test.tgedr_fdafaers.test_dbvolume_file_store" name="test_list_filters_by_pattern_and_returns_sorted_paths" time="0.008" /><testcase classname="test.tgedr_fdafaers.test_dbvolume_file_store" name="test_list_raises_for_missing_path" time="0.001" /><testcase classname="test.tgedr_fdafaers.test_dbvolume_file_store" name="test_get_requires_target_url" time="0.001" /><testcase classname="test.tgedr_fdafaers.test_dbvolume_file_store" name="test_get_copies_file_to_target" time="0.003" /><testcase classname="test.tgedr_fdafaers.test_dbvolume_file_store" name="test_get_raises_filestoreerror_on_copy_failure" time="0.002" /><testcase classname="test.tgedr_fdafaers.test_dbvolume_file_store" name="test_delete_removes_file" time="0.002" /><testcase classname="test.tgedr_fdafaers.test_dbvolume_file_store" name="test_delete_removes_directory_recursively" time="0.003" /><testcase classname="test.tgedr_fdafaers.test_dbvolume_file_store" name="test_delete_raises_filestoreerror_on_failure" time="0.001" /><testcase classname="test.tgedr_fdafaers.test_dbvolume_file_store" name="test_put_creates_parent_and_copies_file" time="0.004" /><testcase classname="test.tgedr_fdafaers.test_dbvolume_file_store" name="test_put_raises_filestoreerror_on_failure" time="0.001" /><testcase classname="test.tgedr_fdafaers.test_dbvolume_file_store" name="test_init_without_config_uses_default" time="0.000" /><testcase classname="test.tgedr_fdafaers.test_dbvolume_file_store" name="test_init_without_local_flag_uses_dbutils" time="0.001" /><testcase classname="test.tgedr_fdafaers.test_dbvolume_file_store" name="test_path_exists_returns_true_for_existing_path" time="0.001" /><testcase classname="test.tgedr_fdafaers.test_dbvolume_file_store" name="test_path_exists_returns_false_for_missing_path" time="0.001" /><testcase classname="test.tgedr_fdafaers.test_dbvolume_file_store" name="test_is_file_returns_true_for_file" time="0.001" /><testcase classname="test.tgedr_fdafaers.test_dbvolume_file_store" name="test_is_file_returns_false_for_directory" time="0.001" /><testcase classname="test.tgedr_fdafaers.test_dbvolume_file_store" name="test_is_file_returns_false_for_missing_path" time="0.001" /><testcase classname="test.tgedr_fdafaers.test_faers_file_source" name="test_list_returns_url_when_remote_resource_exists" time="0.000" /><testcase classname="test.tgedr_fdafaers.test_faers_file_source" name="test_list_returns_none_when_remote_resource_is_missing" time="0.000" /><testcase classname="test.tgedr_fdafaers.test_faers_file_source" name="test_list_raises_when_period_is_missing" time="0.000" /><testcase classname="test.tgedr_fdafaers.test_faers_file_source" name="test_list_raises_when_context_is_none" time="0.000" /><testcase classname="test.tgedr_fdafaers.test_faers_file_source" name="test_get_raises_when_output_url_is_missing" time="0.000" /><testcase classname="test.tgedr_fdafaers.test_faers_file_source" name="test_get_raises_when_context_is_none" time="0.000" /><testcase classname="test.tgedr_fdafaers.test_faers_file_source" name="test_get_downloads_file_and_returns_target_path" time="0.001" /><testcase classname="test.tgedr_fdafaers.test_faers_file_source" name="test_get_ignores_404_and_still_returns_target_path" time="0.002" /><testcase classname="test.tgedr_fdafaers.test_faers_file_source" name="test_get_wraps_non_404_http_errors" time="0.001" /><testcase classname="test.tgedr_fdafaers.test_faers_file_source" name="test_get_wraps_generic_exceptions" time="0.001" /><testcase classname="test.tgedr_fdafaers.test_faers_file_source" name="test_get_raises_on_unsupported_output_url_scheme" time="0.002" /><testcase classname="test.tgedr_fdafaers.test_faers_period_utils" name="test_faers_period_str_and_from_str_roundtrip" time="0.000" /><testcase classname="test.tgedr_fdafaers.test_faers_period_utils" name="test_faers_period_hash" time="0.000" /><testcase classname="test.tgedr_fdafaers.test_faers_period_utils" name="test_faers_period_lt_same_year" time="0.000" /><testcase classname="test.tgedr_fdafaers.test_faers_period_utils" name="test_faers_period_lt_different_year" time="0.000" /><testcase classname="test.tgedr_fdafaers.test_faers_period_utils" name="test_faers_period_le" time="0.000" /><testcase classname="test.tgedr_fdafaers.test_faers_period_utils" name="test_faers_period_gt_same_year" time="0.000" /><testcase classname="test.tgedr_fdafaers.test_faers_period_utils" name="test_faers_period_gt_different_year" time="0.000" /><testcase classname="test.tgedr_fdafaers.test_faers_period_utils" name="test_faers_period_ge" time="0.000" /><testcase classname="test.tgedr_fdafaers.test_faers_period_utils" name="test_faers_period_eq" time="0.000" /><testcase classname="test.tgedr_fdafaers.test_faers_period_utils" name="test_faers_period_ne" time="0.000" /><testcase classname="test.tgedr_fdafaers.test_faers_period_utils" name="test_faers_period_str" time="0.000" /><testcase classname="test.tgedr_fdafaers.test_faers_period_utils" name="test_next_and_previous_period_handle_year_boundaries" time="0.000" /><testcase classname="test.tgedr_fdafaers.test_faers_period_utils" name="test_next_period_within_year" time="0.000" /><testcase classname="test.tgedr_fdafaers.test_faers_period_utils" name="test_previous_period_within_year" time="0.000" /><testcase classname="test.tgedr_fdafaers.test_faers_period_utils" name="test_is_faers_period_respects_cutover_boundary" time="0.000" /><testcase classname="test.tgedr_fdafaers.test_faers_period_utils" name="test_get_url_uses_expected_prefix_and_quarter_case" time="0.000" /><testcase classname="test.tgedr_fdafaers.test_faers_period_utils" name="test_resolve_period_parses_filenames_and_handles_invalid" time="0.000" /><testcase classname="test.tgedr_fdafaers.test_faers_period_utils" name="test_get_current_period_returns_expected_for_known_date" time="0.002" /><testcase classname="test.tgedr_fdafaers.test_faers_period_utils" name="test_get_faers_periods_returns_periods_after_aers_end" time="0.000" /><testcase classname="test.tgedr_fdafaers.test_faers_period_utils" name="test_get_aers_periods_returns_fixed_range" time="0.000" /><testcase classname="test.tgedr_fdafaers.test_faers_period_utils" name="test_get_all_faers_periods_includes_both_eras" time="0.000" /><testcase classname="test.tgedr_fdafaers.test_fetch_period_files" name="test_extract_fetches_files_for_each_period" time="0.001" /><testcase classname="test.tgedr_fdafaers.test_fetch_period_files" name="test_extract_respects_max_periods_limit" time="0.001" /><testcase classname="test.tgedr_fdafaers.test_fetch_period_files" name="test_extract_strips_whitespace_from_periods" time="0.001" /><testcase classname="test.tgedr_fdafaers.test_fetch_period_files" name="test_extract_single_period" time="0.001" /><testcase classname="test.tgedr_fdafaers.test_fetch_period_files" name="test_transform_is_noop" time="0.001" /><testcase classname="test.tgedr_fdafaers.test_fetch_period_files" name="test_load_returns_sorted_comma_separated_periods" time="0.001" /><testcase classname="test.tgedr_fdafaers.test_fetch_period_files" name="test_load_returns_empty_string_when_no_files_fetched" time="0.001" /><testcase classname="test.tgedr_fdafaers.test_fetch_period_files" name="test_load_single_period" time="0.027" /><testcase classname="test.tgedr_fdafaers.test_fetch_period_files" name="test_full_etl_pipeline" time="0.001" /><testcase classname="test.tgedr_fdafaers.test_periods_to_process" name="test_extract_loads_existing_periods_from_bronze_dataset" time="0.004" /><testcase classname="test.tgedr_fdafaers.test_periods_to_process" name="test_extract_handles_missing_dataset_gracefully" time="0.001" /><testcase classname="test.tgedr_fdafaers.test_periods_to_process" name="test_extract_handles_empty_dataframe" time="0.001" /><testcase classname="test.tgedr_fdafaers.test_periods_to_process" name="test_extract_deduplicates_periods" time="0.001" /><testcase classname="test.tgedr_fdafaers.test_periods_to_process" name="test_transform_finds_missing_periods" time="0.000" /><testcase classname="test.tgedr_fdafaers.test_periods_to_process" name="test_transform_returns_empty_when_all_periods_exist" time="0.000" /><testcase classname="test.tgedr_fdafaers.test_periods_to_process" name="test_transform_all_missing_when_no_existing_periods" time="0.000" /><testcase classname="test.tgedr_fdafaers.test_periods_to_process" name="test_load_returns_sorted_comma_separated_periods" time="0.000" /><testcase classname="test.tgedr_fdafaers.test_periods_to_process" name="test_load_returns_empty_string_when_no_missing_periods" time="0.000" /><testcase classname="test.tgedr_fdafaers.test_periods_to_process" name="test_load_returns_single_period_without_comma" time="0.000" /><testcase classname="test.tgedr_fdafaers.test_periods_to_process" name="test_full_etl_pipeline" time="0.001" /><testcase classname="test.tgedr_fdafaers.test_utils_io" name="test_tmp_dir_creates_directory" time="0.001" /><testcase classname="test.tgedr_fdafaers.test_utils_io" name="test_tmp_dir_returns_unique_paths" time="0.002" /><testcase classname="test.tgedr_fdafaers.test_utils_io" name="test_resource_exists_returns_true_for_status_200" time="0.001" /><testcase classname="test.tgedr_fdafaers.test_utils_io" name="test_resource_exists_returns_false_for_non_200" time="0.000" /><testcase classname="test.tgedr_fdafaers.test_utils_io" name="test_resource_exists_wraps_http_errors" time="0.000" /><testcase classname="test.tgedr_fdafaers.test_utils_io" name="test_resource_exists_raises_on_unsupported_scheme" time="0.000" /></testsuite></testsuites>